This file contains any messages produced by compilers while
running configure, to aid debugging if configure makes a mistake.

It was created by exp_test configure 0.43, which was
generated by GNU Autoconf 2.59.  Invocation command line was

  $ ./configure --disable-option-checking --prefix=/usr/local --cache-file=/dev/null --srcdir=.

## --------- ##
## Platform. ##
## --------- ##

hostname = liaowenxing-ThinkStation-P310
uname -m = x86_64
uname -r = 4.4.0-31-generic
uname -s = Linux
uname -v = #50~14.04.1-Ubuntu SMP Wed Jul 13 01:07:32 UTC 2016

/usr/bin/uname -p = unknown
/bin/uname -X     = unknown

/bin/arch              = unknown
/usr/bin/arch -k       = unknown
/usr/convex/getsysinfo = unknown
hostinfo               = unknown
/bin/machine           = unknown
/usr/bin/oslevel       = unknown
/bin/universe          = unknown

PATH: /usr/lib/jvm/java-8-openjdk-amd64/bin
PATH: /usr/local/sbin
PATH: /usr/local/bin
PATH: /usr/sbin
PATH: /usr/bin
PATH: /sbin
PATH: /bin
PATH: /usr/games
PATH: /usr/local/games
PATH: /home/liaowenxing/Android/Sdk/tools
PATH: /home/liaowenxing/Android/Sdk/platform-tools
PATH: /opt/tomcat/bin


## ----------- ##
## Core tests. ##
## ----------- ##

configure:1310: checking for correct TEA configuration
configure:1329: result: ok (TEA 3.9)
configure:1394: configuring exp_test 0.43
configure:1459: checking for Tcl configuration
configure:1586: result: found /home/liaowenxing/tcl8.4.20/unix/tclConfig.sh
configure:1592: checking for existence of /home/liaowenxing/tcl8.4.20/unix/tclConfig.sh
configure:1596: result: loading
configure:1760: checking for gcc
configure:1776: found /usr/bin/gcc
configure:1786: result: gcc
configure:2030: checking for C compiler version
configure:2033: gcc --version </dev/null >&5
gcc (Ubuntu 4.8.4-2ubuntu1~14.04.3) 4.8.4
Copyright (C) 2013 Free Software Foundation, Inc.
This is free software; see the source for copying conditions.  There is NO
warranty; not even for MERCHANTABILITY or FITNESS FOR A PARTICULAR PURPOSE.

configure:2036: $? = 0
configure:2038: gcc -v </dev/null >&5
Using built-in specs.
COLLECT_GCC=gcc
COLLECT_LTO_WRAPPER=/usr/lib/gcc/x86_64-linux-gnu/4.8/lto-wrapper
Target: x86_64-linux-gnu
Configured with: ../src/configure -v --with-pkgversion='Ubuntu 4.8.4-2ubuntu1~14.04.3' --with-bugurl=file:///usr/share/doc/gcc-4.8/README.Bugs --enable-languages=c,c++,java,go,d,fortran,objc,obj-c++ --prefix=/usr --program-suffix=-4.8 --enable-shared --enable-linker-build-id --libexecdir=/usr/lib --without-included-gettext --enable-threads=posix --with-gxx-include-dir=/usr/include/c++/4.8 --libdir=/usr/lib --enable-nls --with-sysroot=/ --enable-clocale=gnu --enable-libstdcxx-debug --enable-libstdcxx-time=yes --enable-gnu-unique-object --disable-libmudflap --enable-plugin --with-system-zlib --disable-browser-plugin --enable-java-awt=gtk --enable-gtk-cairo --with-java-home=/usr/lib/jvm/java-1.5.0-gcj-4.8-amd64/jre --enable-java-home --with-jvm-root-dir=/usr/lib/jvm/java-1.5.0-gcj-4.8-amd64 --with-jvm-jar-dir=/usr/lib/jvm-exports/java-1.5.0-gcj-4.8-amd64 --with-arch-directory=amd64 --with-ecj-jar=/usr/share/java/eclipse-ecj.jar --enable-objc-gc --enable-multiarch --disable-werror --with-arch-32=i686 --with-abi=m64 --with-multilib-list=m32,m64,mx32 --with-tune=generic --enable-checking=release --build=x86_64-linux-gnu --host=x86_64-linux-gnu --target=x86_64-linux-gnu
Thread model: posix
gcc version 4.8.4 (Ubuntu 4.8.4-2ubuntu1~14.04.3) 
configure:2041: $? = 0
configure:2043: gcc -V </dev/null >&5
gcc: error: unrecognized command line option '-V'
gcc: fatal error: no input files
compilation terminated.
configure:2046: $? = 4
configure:2069: checking for C compiler default output file name
configure:2072: gcc    conftest.c  >&5
configure:2075: $? = 0
configure:2121: result: a.out
configure:2126: checking whether the C compiler works
configure:2132: ./a.out
configure:2135: $? = 0
configure:2152: result: yes
configure:2159: checking whether we are cross compiling
configure:2161: result: no
configure:2164: checking for suffix of executables
configure:2166: gcc -o conftest    conftest.c  >&5
configure:2169: $? = 0
configure:2194: result: 
configure:2200: checking for suffix of object files
configure:2221: gcc -c   conftest.c >&5
configure:2224: $? = 0
configure:2246: result: o
configure:2250: checking whether we are using the GNU C compiler
configure:2274: gcc -c   conftest.c >&5
configure:2280: $? = 0
configure:2284: test -z 
			 || test ! -s conftest.err
configure:2287: $? = 0
configure:2290: test -s conftest.o
configure:2293: $? = 0
configure:2306: result: yes
configure:2312: checking whether gcc accepts -g
configure:2333: gcc -c -g  conftest.c >&5
configure:2339: $? = 0
configure:2343: test -z 
			 || test ! -s conftest.err
configure:2346: $? = 0
configure:2349: test -s conftest.o
configure:2352: $? = 0
configure:2363: result: yes
configure:2380: checking for gcc option to accept ANSI C
configure:2450: gcc  -c   conftest.c >&5
configure:2456: $? = 0
configure:2460: test -z 
			 || test ! -s conftest.err
configure:2463: $? = 0
configure:2466: test -s conftest.o
configure:2469: $? = 0
configure:2487: result: none needed
configure:2505: gcc -c   conftest.c >&5
conftest.c:2:3: error: unknown type name 'choke'
   choke me
   ^
conftest.c:2:3: error: expected '=', ',', ';', 'asm' or '__attribute__' at end of input
configure:2511: $? = 1
configure: failed program was:
| #ifndef __cplusplus
|   choke me
| #endif
configure:2649: checking how to run the C preprocessor
configure:2684: gcc -E  conftest.c
configure:2690: $? = 0
configure:2722: gcc -E  conftest.c
conftest.c:9:28: fatal error: ac_nonexistent.h: No such file or directory
 #include <ac_nonexistent.h>
                            ^
compilation terminated.
configure:2728: $? = 1
configure: failed program was:
| /* confdefs.h.  */
| 
| #define PACKAGE_NAME "exp_test"
| #define PACKAGE_TARNAME "exp_test"
| #define PACKAGE_VERSION "0.43"
| #define PACKAGE_STRING "exp_test 0.43"
| #define PACKAGE_BUGREPORT ""
| /* end confdefs.h.  */
| #include <ac_nonexistent.h>
configure:2767: result: gcc -E
configure:2791: gcc -E  conftest.c
configure:2797: $? = 0
configure:2829: gcc -E  conftest.c
conftest.c:9:28: fatal error: ac_nonexistent.h: No such file or directory
 #include <ac_nonexistent.h>
                            ^
compilation terminated.
configure:2835: $? = 1
configure: failed program was:
| /* confdefs.h.  */
| 
| #define PACKAGE_NAME "exp_test"
| #define PACKAGE_TARNAME "exp_test"
| #define PACKAGE_VERSION "0.43"
| #define PACKAGE_STRING "exp_test 0.43"
| #define PACKAGE_BUGREPORT ""
| /* end confdefs.h.  */
| #include <ac_nonexistent.h>
configure:2892: checking for a BSD-compatible install
configure:2947: result: /usr/bin/install -c
configure:2963: checking whether make sets $(MAKE)
configure:2983: result: yes
configure:3038: checking for ranlib
configure:3054: found /usr/bin/ranlib
configure:3065: result: ranlib
configure:3087: checking for egrep
configure:3097: result: grep -E
configure:3102: checking for ANSI C header files
configure:3127: gcc -c   conftest.c >&5
configure:3133: $? = 0
configure:3137: test -z 
			 || test ! -s conftest.err
configure:3140: $? = 0
configure:3143: test -s conftest.o
configure:3146: $? = 0
configure:3235: gcc -o conftest    conftest.c  >&5
conftest.c: In function 'main':
conftest.c:26:7: warning: incompatible implicit declaration of built-in function 'exit' [enabled by default]
       exit(2);
       ^
configure:3238: $? = 0
configure:3240: ./conftest
configure:3243: $? = 0
configure:3258: result: yes
configure:3282: checking for sys/types.h
configure:3298: gcc -c   conftest.c >&5
configure:3304: $? = 0
configure:3308: test -z 
			 || test ! -s conftest.err
configure:3311: $? = 0
configure:3314: test -s conftest.o
configure:3317: $? = 0
configure:3328: result: yes
configure:3282: checking for sys/stat.h
configure:3298: gcc -c   conftest.c >&5
configure:3304: $? = 0
configure:3308: test -z 
			 || test ! -s conftest.err
configure:3311: $? = 0
configure:3314: test -s conftest.o
configure:3317: $? = 0
configure:3328: result: yes
configure:3282: checking for stdlib.h
configure:3298: gcc -c   conftest.c >&5
configure:3304: $? = 0
configure:3308: test -z 
			 || test ! -s conftest.err
configure:3311: $? = 0
configure:3314: test -s conftest.o
configure:3317: $? = 0
configure:3328: result: yes
configure:3282: checking for string.h
configure:3298: gcc -c   conftest.c >&5
configure:3304: $? = 0
configure:3308: test -z 
			 || test ! -s conftest.err
configure:3311: $? = 0
configure:3314: test -s conftest.o
configure:3317: $? = 0
configure:3328: result: yes
configure:3282: checking for memory.h
configure:3298: gcc -c   conftest.c >&5
configure:3304: $? = 0
configure:3308: test -z 
			 || test ! -s conftest.err
configure:3311: $? = 0
configure:3314: test -s conftest.o
configure:3317: $? = 0
configure:3328: result: yes
configure:3282: checking for strings.h
configure:3298: gcc -c   conftest.c >&5
configure:3304: $? = 0
configure:3308: test -z 
			 || test ! -s conftest.err
configure:3311: $? = 0
configure:3314: test -s conftest.o
configure:3317: $? = 0
configure:3328: result: yes
configure:3282: checking for inttypes.h
configure:3298: gcc -c   conftest.c >&5
configure:3304: $? = 0
configure:3308: test -z 
			 || test ! -s conftest.err
configure:3311: $? = 0
configure:3314: test -s conftest.o
configure:3317: $? = 0
configure:3328: result: yes
configure:3282: checking for stdint.h
configure:3298: gcc -c   conftest.c >&5
configure:3304: $? = 0
configure:3308: test -z 
			 || test ! -s conftest.err
configure:3311: $? = 0
configure:3314: test -s conftest.o
configure:3317: $? = 0
configure:3328: result: yes
configure:3282: checking for unistd.h
configure:3298: gcc -c   conftest.c >&5
configure:3304: $? = 0
configure:3308: test -z 
			 || test ! -s conftest.err
configure:3311: $? = 0
configure:3314: test -s conftest.o
configure:3317: $? = 0
configure:3328: result: yes
configure:3350: checking if the compiler understands -pipe
configure:3373: gcc -c  -pipe  conftest.c >&5
configure:3379: $? = 0
configure:3383: test -z 
			 || test ! -s conftest.err
configure:3386: $? = 0
configure:3389: test -s conftest.o
configure:3392: $? = 0
configure:3404: result: yes
configure:3415: checking whether byte ordering is bigendian
configure:3442: gcc -c  -pipe  conftest.c >&5
configure:3448: $? = 0
configure:3452: test -z 
			 || test ! -s conftest.err
configure:3455: $? = 0
configure:3458: test -s conftest.o
configure:3461: $? = 0
configure:3485: gcc -c  -pipe  conftest.c >&5
conftest.c: In function 'main':
conftest.c:26:2: error: unknown type name 'not'
  not big endian
  ^
conftest.c:26:10: error: expected '=', ',', ';', 'asm' or '__attribute__' before 'endian'
  not big endian
          ^
configure:3491: $? = 1
configure: failed program was:
| /* confdefs.h.  */
| 
| #define PACKAGE_NAME "exp_test"
| #define PACKAGE_TARNAME "exp_test"
| #define PACKAGE_VERSION "0.43"
| #define PACKAGE_STRING "exp_test 0.43"
| #define PACKAGE_BUGREPORT ""
| #define STDC_HEADERS 1
| #define HAVE_SYS_TYPES_H 1
| #define HAVE_SYS_STAT_H 1
| #define HAVE_STDLIB_H 1
| #define HAVE_STRING_H 1
| #define HAVE_MEMORY_H 1
| #define HAVE_STRINGS_H 1
| #define HAVE_INTTYPES_H 1
| #define HAVE_STDINT_H 1
| #define HAVE_UNISTD_H 1
| /* end confdefs.h.  */
| #include <sys/types.h>
| #include <sys/param.h>
| 
| int
| main ()
| {
| #if BYTE_ORDER != BIG_ENDIAN
|  not big endian
| #endif
| 
|   ;
|   return 0;
| }
configure:3626: result: no
configure:3654: checking for sin
configure:3711: gcc -o conftest  -pipe   conftest.c  >&5
conftest.c:43:6: warning: conflicting types for built-in function 'sin' [enabled by default]
 char sin ();
      ^
/tmp/ccGaAYGN.o: In function `main':
conftest.c:(.text+0xd): undefined reference to `sin'
/tmp/ccGaAYGN.o:(.data+0x0): undefined reference to `sin'
collect2: error: ld returned 1 exit status
configure:3717: $? = 1
configure: failed program was:
| /* confdefs.h.  */
| 
| #define PACKAGE_NAME "exp_test"
| #define PACKAGE_TARNAME "exp_test"
| #define PACKAGE_VERSION "0.43"
| #define PACKAGE_STRING "exp_test 0.43"
| #define PACKAGE_BUGREPORT ""
| #define STDC_HEADERS 1
| #define HAVE_SYS_TYPES_H 1
| #define HAVE_SYS_STAT_H 1
| #define HAVE_STDLIB_H 1
| #define HAVE_STRING_H 1
| #define HAVE_MEMORY_H 1
| #define HAVE_STRINGS_H 1
| #define HAVE_INTTYPES_H 1
| #define HAVE_STDINT_H 1
| #define HAVE_UNISTD_H 1
| /* end confdefs.h.  */
| /* Define sin to an innocuous variant, in case <limits.h> declares sin.
|    For example, HP-UX 11i <limits.h> declares gettimeofday.  */
| #define sin innocuous_sin
| 
| /* System header to define __stub macros and hopefully few prototypes,
|     which can conflict with char sin (); below.
|     Prefer <limits.h> to <assert.h> if __STDC__ is defined, since
|     <limits.h> exists even on freestanding compilers.  */
| 
| #ifdef __STDC__
| # include <limits.h>
| #else
| # include <assert.h>
| #endif
| 
| #undef sin
| 
| /* Override any gcc2 internal prototype to avoid an error.  */
| #ifdef __cplusplus
| extern "C"
| {
| #endif
| /* We use char because int might match the return type of a gcc2
|    builtin and then its argument prototype would still apply.  */
| char sin ();
| /* The GNU C library defines this for functions which it implements
|     to always fail with ENOSYS.  Some functions are actually named
|     something starting with __ and the normal name is an alias.  */
| #if defined (__stub_sin) || defined (__stub___sin)
| choke me
| #else
| char (*f) () = sin;
| #endif
| #ifdef __cplusplus
| }
| #endif
| 
| int
| main ()
| {
| return f != sin;
|   ;
|   return 0;
| }
configure:3742: result: no
configure:3750: checking for main in -lieee
configure:3774: gcc -o conftest  -pipe   conftest.c -lieee   >&5
configure:3780: $? = 0
configure:3784: test -z 
			 || test ! -s conftest.err
configure:3787: $? = 0
configure:3790: test -s conftest
configure:3793: $? = 0
configure:3806: result: yes
configure:3818: checking for main in -linet
configure:3842: gcc -o conftest  -pipe   conftest.c -linet   >&5
/usr/bin/ld: cannot find -linet
collect2: error: ld returned 1 exit status
configure:3848: $? = 1
configure: failed program was:
| /* confdefs.h.  */
| 
| #define PACKAGE_NAME "exp_test"
| #define PACKAGE_TARNAME "exp_test"
| #define PACKAGE_VERSION "0.43"
| #define PACKAGE_STRING "exp_test 0.43"
| #define PACKAGE_BUGREPORT ""
| #define STDC_HEADERS 1
| #define HAVE_SYS_TYPES_H 1
| #define HAVE_SYS_STAT_H 1
| #define HAVE_STDLIB_H 1
| #define HAVE_STRING_H 1
| #define HAVE_MEMORY_H 1
| #define HAVE_STRINGS_H 1
| #define HAVE_INTTYPES_H 1
| #define HAVE_STDINT_H 1
| #define HAVE_UNISTD_H 1
| /* end confdefs.h.  */
| 
| 
| int
| main ()
| {
| main ();
|   ;
|   return 0;
| }
configure:3874: result: no
configure:3890: checking net/errno.h usability
configure:3902: gcc -c  -pipe  conftest.c >&5
conftest.c:53:23: fatal error: net/errno.h: No such file or directory
 #include <net/errno.h>
                       ^
compilation terminated.
configure:3908: $? = 1
configure: failed program was:
| /* confdefs.h.  */
| 
| #define PACKAGE_NAME "exp_test"
| #define PACKAGE_TARNAME "exp_test"
| #define PACKAGE_VERSION "0.43"
| #define PACKAGE_STRING "exp_test 0.43"
| #define PACKAGE_BUGREPORT ""
| #define STDC_HEADERS 1
| #define HAVE_SYS_TYPES_H 1
| #define HAVE_SYS_STAT_H 1
| #define HAVE_STDLIB_H 1
| #define HAVE_STRING_H 1
| #define HAVE_MEMORY_H 1
| #define HAVE_STRINGS_H 1
| #define HAVE_INTTYPES_H 1
| #define HAVE_STDINT_H 1
| #define HAVE_UNISTD_H 1
| /* end confdefs.h.  */
| #include <stdio.h>
| #if HAVE_SYS_TYPES_H
| # include <sys/types.h>
| #endif
| #if HAVE_SYS_STAT_H
| # include <sys/stat.h>
| #endif
| #if STDC_HEADERS
| # include <stdlib.h>
| # include <stddef.h>
| #else
| # if HAVE_STDLIB_H
| #  include <stdlib.h>
| # endif
| #endif
| #if HAVE_STRING_H
| # if !STDC_HEADERS && HAVE_MEMORY_H
| #  include <memory.h>
| # endif
| # include <string.h>
| #endif
| #if HAVE_STRINGS_H
| # include <strings.h>
| #endif
| #if HAVE_INTTYPES_H
| # include <inttypes.h>
| #else
| # if HAVE_STDINT_H
| #  include <stdint.h>
| # endif
| #endif
| #if HAVE_UNISTD_H
| # include <unistd.h>
| #endif
| #include <net/errno.h>
configure:3931: result: no
configure:3935: checking net/errno.h presence
configure:3945: gcc -E  conftest.c
conftest.c:19:23: fatal error: net/errno.h: No such file or directory
 #include <net/errno.h>
                       ^
compilation terminated.
configure:3951: $? = 1
configure: failed program was:
| /* confdefs.h.  */
| 
| #define PACKAGE_NAME "exp_test"
| #define PACKAGE_TARNAME "exp_test"
| #define PACKAGE_VERSION "0.43"
| #define PACKAGE_STRING "exp_test 0.43"
| #define PACKAGE_BUGREPORT ""
| #define STDC_HEADERS 1
| #define HAVE_SYS_TYPES_H 1
| #define HAVE_SYS_STAT_H 1
| #define HAVE_STDLIB_H 1
| #define HAVE_STRING_H 1
| #define HAVE_MEMORY_H 1
| #define HAVE_STRINGS_H 1
| #define HAVE_INTTYPES_H 1
| #define HAVE_STDINT_H 1
| #define HAVE_UNISTD_H 1
| /* end confdefs.h.  */
| #include <net/errno.h>
configure:3971: result: no
configure:4006: checking for net/errno.h
configure:4013: result: no
configure:4047: checking for connect
configure:4104: gcc -o conftest  -pipe   conftest.c  >&5
configure:4110: $? = 0
configure:4114: test -z 
			 || test ! -s conftest.err
configure:4117: $? = 0
configure:4120: test -s conftest
configure:4123: $? = 0
configure:4135: result: yes
configure:4410: checking for gethostbyname
configure:4467: gcc -o conftest  -pipe   conftest.c  >&5
configure:4473: $? = 0
configure:4477: test -z 
			 || test ! -s conftest.err
configure:4480: $? = 0
configure:4483: test -s conftest
configure:4486: $? = 0
configure:4498: result: yes
configure:4582: checking dirent.h
configure:4623: gcc -o conftest  -pipe   conftest.c  >&5
configure:4629: $? = 0
configure:4633: test -z 
			 || test ! -s conftest.err
configure:4636: $? = 0
configure:4639: test -s conftest
configure:4642: $? = 0
configure:4654: result: yes
configure:4676: checking errno.h usability
configure:4688: gcc -c  -pipe  conftest.c >&5
configure:4694: $? = 0
configure:4698: test -z 
			 || test ! -s conftest.err
configure:4701: $? = 0
configure:4704: test -s conftest.o
configure:4707: $? = 0
configure:4717: result: yes
configure:4721: checking errno.h presence
configure:4731: gcc -E  conftest.c
configure:4737: $? = 0
configure:4757: result: yes
configure:4792: checking for errno.h
configure:4799: result: yes
configure:4824: checking float.h usability
configure:4836: gcc -c  -pipe  conftest.c >&5
configure:4842: $? = 0
configure:4846: test -z 
			 || test ! -s conftest.err
configure:4849: $? = 0
configure:4852: test -s conftest.o
configure:4855: $? = 0
configure:4865: result: yes
configure:4869: checking float.h presence
configure:4879: gcc -E  conftest.c
configure:4885: $? = 0
configure:4905: result: yes
configure:4940: checking for float.h
configure:4947: result: yes
configure:4972: checking values.h usability
configure:4984: gcc -c  -pipe  conftest.c >&5
configure:4990: $? = 0
configure:4994: test -z 
			 || test ! -s conftest.err
configure:4997: $? = 0
configure:5000: test -s conftest.o
configure:5003: $? = 0
configure:5013: result: yes
configure:5017: checking values.h presence
configure:5027: gcc -E  conftest.c
configure:5033: $? = 0
configure:5053: result: yes
configure:5088: checking for values.h
configure:5095: result: yes
configure:5120: checking limits.h usability
configure:5132: gcc -c  -pipe  conftest.c >&5
configure:5138: $? = 0
configure:5142: test -z 
			 || test ! -s conftest.err
configure:5145: $? = 0
configure:5148: test -s conftest.o
configure:5151: $? = 0
configure:5161: result: yes
configure:5165: checking limits.h presence
configure:5175: gcc -E  conftest.c
configure:5181: $? = 0
configure:5201: result: yes
configure:5236: checking for limits.h
configure:5243: result: yes
configure:5263: checking for stdlib.h
configure:5268: result: yes
configure:5465: checking for string.h
configure:5470: result: yes
configure:5664: checking sys/wait.h usability
configure:5676: gcc -c  -pipe  conftest.c >&5
configure:5682: $? = 0
configure:5686: test -z 
			 || test ! -s conftest.err
configure:5689: $? = 0
configure:5692: test -s conftest.o
configure:5695: $? = 0
configure:5705: result: yes
configure:5709: checking sys/wait.h presence
configure:5719: gcc -E  conftest.c
configure:5725: $? = 0
configure:5745: result: yes
configure:5780: checking for sys/wait.h
configure:5787: result: yes
configure:5812: checking dlfcn.h usability
configure:5824: gcc -c  -pipe  conftest.c >&5
configure:5830: $? = 0
configure:5834: test -z 
			 || test ! -s conftest.err
configure:5837: $? = 0
configure:5840: test -s conftest.o
configure:5843: $? = 0
configure:5853: result: yes
configure:5857: checking dlfcn.h presence
configure:5867: gcc -E  conftest.c
configure:5873: $? = 0
configure:5893: result: yes
configure:5928: checking for dlfcn.h
configure:5935: result: yes
configure:5966: checking sys/param.h usability
configure:5978: gcc -c  -pipe  conftest.c >&5
configure:5984: $? = 0
configure:5988: test -z 
			 || test ! -s conftest.err
configure:5991: $? = 0
configure:5994: test -s conftest.o
configure:5997: $? = 0
configure:6007: result: yes
configure:6011: checking sys/param.h presence
configure:6021: gcc -E  conftest.c
configure:6027: $? = 0
configure:6047: result: yes
configure:6082: checking for sys/param.h
configure:6089: result: yes
configure:6238: creating ./config.status

## ---------------------- ##
## Running config.status. ##
## ---------------------- ##

This file was extended by exp_test config.status 0.43, which was
generated by GNU Autoconf 2.59.  Invocation command line was

  CONFIG_FILES    = 
  CONFIG_HEADERS  = 
  CONFIG_LINKS    = 
  CONFIG_COMMANDS = 
  $ ./config.status 

on liaowenxing-ThinkStation-P310

config.status:672: creating Makefile

## ---------------- ##
## Cache variables. ##
## ---------------- ##

ac_cv_c_bigendian=no
ac_cv_c_compiler_gnu=yes
ac_cv_c_tclconfig=/home/liaowenxing/tcl8.4.20/unix
ac_cv_env_CC_set=
ac_cv_env_CC_value=
ac_cv_env_CFLAGS_set=
ac_cv_env_CFLAGS_value=
ac_cv_env_CPPFLAGS_set=
ac_cv_env_CPPFLAGS_value=
ac_cv_env_CPP_set=
ac_cv_env_CPP_value=
ac_cv_env_LDFLAGS_set=
ac_cv_env_LDFLAGS_value=
ac_cv_env_build_alias_set=
ac_cv_env_build_alias_value=
ac_cv_env_host_alias_set=
ac_cv_env_host_alias_value=
ac_cv_env_target_alias_set=
ac_cv_env_target_alias_value=
ac_cv_exeext=
ac_cv_func_connect=yes
ac_cv_func_gethostbyname=yes
ac_cv_func_sin=no
ac_cv_header_dlfcn_h=yes
ac_cv_header_errno_h=yes
ac_cv_header_float_h=yes
ac_cv_header_inttypes_h=yes
ac_cv_header_limits_h=yes
ac_cv_header_memory_h=yes
ac_cv_header_net_errno_h=no
ac_cv_header_stdc=yes
ac_cv_header_stdint_h=yes
ac_cv_header_stdlib_h=yes
ac_cv_header_string_h=yes
ac_cv_header_strings_h=yes
ac_cv_header_sys_param_h=yes
ac_cv_header_sys_stat_h=yes
ac_cv_header_sys_types_h=yes
ac_cv_header_sys_wait_h=yes
ac_cv_header_unistd_h=yes
ac_cv_header_values_h=yes
ac_cv_lib_ieee_main=yes
ac_cv_lib_inet_main=no
ac_cv_objext=o
ac_cv_path_install='/usr/bin/install -c'
ac_cv_prog_CPP='gcc -E'
ac_cv_prog_ac_ct_CC=gcc
ac_cv_prog_ac_ct_RANLIB=ranlib
ac_cv_prog_cc_g=yes
ac_cv_prog_cc_stdc=
ac_cv_prog_egrep='grep -E'
ac_cv_prog_make_make_set=yes
tcl_cv_cc_pipe=yes
tcl_cv_dirent_h=yes

## ----------------- ##
## Output variables. ##
## ----------------- ##

CC='gcc'
CFLAGS=' -pipe'
CLEANFILES=''
CPP='gcc -E'
CPPFLAGS=''
CYGPATH='echo'
DEFS='-DPACKAGE_NAME=\"exp_test\" -DPACKAGE_TARNAME=\"exp_test\" -DPACKAGE_VERSION=\"0.43\" -DPACKAGE_STRING=\"exp_test\ 0.43\" -DPACKAGE_BUGREPORT=\"\" -DSTDC_HEADERS=1 -DHAVE_SYS_TYPES_H=1 -DHAVE_SYS_STAT_H=1 -DHAVE_STDLIB_H=1 -DHAVE_STRING_H=1 -DHAVE_MEMORY_H=1 -DHAVE_STRINGS_H=1 -DHAVE_INTTYPES_H=1 -DHAVE_STDINT_H=1 -DHAVE_UNISTD_H=1 -DHAVE_LIMITS_H=1 -DHAVE_SYS_PARAM_H=1 '
ECHO_C=''
ECHO_N='-n'
ECHO_T=''
EGREP='grep -E'
EXEEXT=''
INSTALL_DATA='${INSTALL} -m 644'
INSTALL_PROGRAM='${INSTALL}'
INSTALL_SCRIPT='${INSTALL}'
LDFLAGS=''
LIBOBJS=''
LIBS=''
LTLIBOBJS=''
MATH_LIBS='-lieee -lm'
OBJEXT='o'
PACKAGE_BUGREPORT=''
PACKAGE_NAME='exp_test'
PACKAGE_STRING='exp_test 0.43'
PACKAGE_TARNAME='exp_test'
PACKAGE_VERSION='0.43'
PATH_SEPARATOR=':'
PKG_CFLAGS=''
PKG_HEADERS=''
PKG_INCLUDES=''
PKG_LIBS=''
PKG_LIB_FILE=''
PKG_STUB_LIB_FILE=''
PKG_STUB_OBJECTS=''
PKG_STUB_SOURCES=''
PKG_TCL_SOURCES=''
RANLIB='ranlib'
SET_MAKE=''
SHELL='/bin/bash'
TCL_BIN_DIR='/home/liaowenxing/tcl8.4.20/unix'
TCL_DEFS=' -DHAVE_LIMITS_H=1 -DHAVE_UNISTD_H=1 -DHAVE_SYS_PARAM_H=1 -DPEEK_XCLOSEIM=1 -DHAVE_CAST_TO_UNION=1 -DNDEBUG=1 -D_LARGEFILE64_SOURCE=1 -DTCL_WIDE_INT_IS_LONG=1 -DHAVE_GETCWD=1 -DHAVE_OPENDIR=1 -DHAVE_STRSTR=1 -DHAVE_STRTOL=1 -DHAVE_STRTOLL=1 -DHAVE_STRTOULL=1 -DHAVE_TMPNAM=1 -DHAVE_WAITPID=1 -DUSE_TERMIOS=1 -DHAVE_SYS_TIME_H=1 -DTIME_WITH_SYS_TIME=1 -DHAVE_TM_ZONE=1 -DHAVE_GMTIME_R=1 -DHAVE_LOCALTIME_R=1 -DHAVE_TM_GMTOFF=1 -DHAVE_TIMEZONE_VAR=1 -DHAVE_ST_BLKSIZE=1 -DSTDC_HEADERS=1 -DHAVE_SIGNED_CHAR=1 -DHAVE_LANGINFO=1 -DHAVE_FTS=1 -DHAVE_SYS_IOCTL_H=1 -DHAVE_CPUID=1 '
TCL_EXTRA_CFLAGS=' -pipe '
TCL_LD_FLAGS=' -Wl,--export-dynamic'
TCL_LIBS='${DL_LIBS} ${LIBS} ${MATH_LIBS}'
TCL_LIB_FILE='libtcl8.4.so'
TCL_LIB_FLAG='-ltcl8.4'
TCL_LIB_SPEC='-L/home/liaowenxing/tcl8.4.20/unix -ltcl8.4'
TCL_PATCH_LEVEL='.20'
TCL_SHLIB_LD_LIBS='${LIBS}'
TCL_SRC_DIR='/home/liaowenxing/tcl8.4.20'
TCL_STUB_LIB_FILE='libtclstub8.4.a'
TCL_STUB_LIB_FLAG='-ltclstub8.4'
TCL_STUB_LIB_SPEC='-L/home/liaowenxing/tcl8.4.20/unix -ltclstub8.4'
TCL_VERSION='8.4'
ac_ct_CC='gcc'
ac_ct_RANLIB='ranlib'
bindir='${exec_prefix}/bin'
build_alias=''
datadir='${prefix}/share'
exec_prefix='/usr/local'
host=''
host_alias=''
includedir='${prefix}/include'
infodir='${prefix}/info'
libdir='${exec_prefix}/lib'
libexecdir='${exec_prefix}/libexec'
localstatedir='${prefix}/var'
mandir='${prefix}/man'
oldincludedir='/usr/include'
prefix='/usr/local'
program_transform_name='s,x,x,'
sbindir='${exec_prefix}/sbin'
sharedstatedir='${prefix}/com'
sysconfdir='${prefix}/etc'
target_alias=''

## ----------- ##
## confdefs.h. ##
## ----------- ##

#define HAVE_INTTYPES_H 1
#define HAVE_LIMITS_H 1
#define HAVE_MEMORY_H 1
#define HAVE_STDINT_H 1
#define HAVE_STDLIB_H 1
#define HAVE_STRINGS_H 1
#define HAVE_STRING_H 1
#define HAVE_SYS_PARAM_H 1
#define HAVE_SYS_STAT_H 1
#define HAVE_SYS_TYPES_H 1
#define HAVE_UNISTD_H 1
#define PACKAGE_BUGREPORT ""
#define PACKAGE_NAME "exp_test"
#define PACKAGE_STRING "exp_test 0.43"
#define PACKAGE_TARNAME "exp_test"
#define PACKAGE_VERSION "0.43"
#define STDC_HEADERS 1

configure: exit 0
